<?xml version="1.0" encoding="UTF-8"?>
<!-- Generated by org.testng.reporters.JUnitXMLReporter -->
<testsuite ignored="0" hostname="PBS-HYD-SYS-015" failures="0" tests="7" name="Default test" time="21.36" errors="0" timestamp="2023-09-29T11:56:42 IST">
  <testcase classname="com.qa.indiahr.tests.LoginPageTest" name="loginPageTitleTest" time="0.018"/>
  <testcase classname="com.qa.indiahr.tests.LoginPageTest" name="loginPageUrlTest" time="0.008"/>
  <testcase classname="com.qa.indiahr.tests.LoginPageTest" name="forgotPwdLinkExistsTest" time="0.037"/>
  <testcase classname="com.qa.indiahr.tests.LoginPageTest" name="PrivacyLinkExist" time="0.02"/>
  <testcase classname="com.qa.indiahr.tests.LoginPageTest" name="CheckboxSelected" time="0.165"/>
  <testcase classname="com.qa.indiahr.tests.LoginPageTest" name="isLogoExist" time="0.018"/>
  <testcase classname="com.qa.indiahr.tests.LoginPageTest" name="doLoginTest" time="2.411"/>
</testsuite> <!-- Default test -->
