<?xml version="1.0" encoding="UTF-8"?>
<testng-results ignored="0" total="7" passed="7" failed="0" skipped="0">
  <reporter-output>
  </reporter-output>
  <suite started-at="2023-09-29T11:56:21 IST" name="Default suite" finished-at="2023-09-29T11:56:42 IST" duration-ms="21360">
    <groups>
    </groups>
    <test started-at="2023-09-29T11:56:21 IST" name="Default test" finished-at="2023-09-29T11:56:42 IST" duration-ms="21360">
      <class name="com.qa.indiahr.tests.LoginPageTest">
        <test-method is-config="true" signature="setup()[pri:0, instance:com.qa.indiahr.tests.LoginPageTest@117159c0]" started-at="2023-09-29T11:56:21 IST" name="setup" finished-at="2023-09-29T11:56:39 IST" duration-ms="18589" status="PASS">
          <reporter-output>
          </reporter-output>
        </test-method> <!-- setup -->
        <test-method signature="loginPageTitleTest()[pri:0, instance:com.qa.indiahr.tests.LoginPageTest@117159c0]" started-at="2023-09-29T11:56:39 IST" name="loginPageTitleTest" finished-at="2023-09-29T11:56:39 IST" duration-ms="18" status="PASS">
          <reporter-output>
          </reporter-output>
        </test-method> <!-- loginPageTitleTest -->
        <test-method signature="loginPageUrlTest()[pri:1, instance:com.qa.indiahr.tests.LoginPageTest@117159c0]" started-at="2023-09-29T11:56:39 IST" name="loginPageUrlTest" finished-at="2023-09-29T11:56:39 IST" duration-ms="8" status="PASS">
          <reporter-output>
          </reporter-output>
        </test-method> <!-- loginPageUrlTest -->
        <test-method signature="forgotPwdLinkExistsTest()[pri:2, instance:com.qa.indiahr.tests.LoginPageTest@117159c0]" started-at="2023-09-29T11:56:39 IST" name="forgotPwdLinkExistsTest" finished-at="2023-09-29T11:56:39 IST" duration-ms="37" status="PASS">
          <reporter-output>
          </reporter-output>
        </test-method> <!-- forgotPwdLinkExistsTest -->
        <test-method signature="PrivacyLinkExist()[pri:3, instance:com.qa.indiahr.tests.LoginPageTest@117159c0]" started-at="2023-09-29T11:56:39 IST" name="PrivacyLinkExist" finished-at="2023-09-29T11:56:39 IST" duration-ms="20" status="PASS">
          <reporter-output>
          </reporter-output>
        </test-method> <!-- PrivacyLinkExist -->
        <test-method signature="CheckboxSelected()[pri:4, instance:com.qa.indiahr.tests.LoginPageTest@117159c0]" started-at="2023-09-29T11:56:39 IST" name="CheckboxSelected" finished-at="2023-09-29T11:56:40 IST" duration-ms="165" status="PASS">
          <reporter-output>
          </reporter-output>
        </test-method> <!-- CheckboxSelected -->
        <test-method signature="isLogoExist()[pri:5, instance:com.qa.indiahr.tests.LoginPageTest@117159c0]" started-at="2023-09-29T11:56:40 IST" name="isLogoExist" finished-at="2023-09-29T11:56:40 IST" duration-ms="18" status="PASS">
          <reporter-output>
          </reporter-output>
        </test-method> <!-- isLogoExist -->
        <test-method signature="doLoginTest()[pri:6, instance:com.qa.indiahr.tests.LoginPageTest@117159c0]" started-at="2023-09-29T11:56:40 IST" name="doLoginTest" finished-at="2023-09-29T11:56:42 IST" duration-ms="2411" status="PASS">
          <reporter-output>
          </reporter-output>
        </test-method> <!-- doLoginTest -->
        <test-method is-config="true" signature="tearDown()[pri:0, instance:com.qa.indiahr.tests.LoginPageTest@117159c0]" started-at="2023-09-29T11:56:42 IST" name="tearDown" finished-at="2023-09-29T11:56:42 IST" duration-ms="62" status="PASS">
          <reporter-output>
          </reporter-output>
        </test-method> <!-- tearDown -->
      </class> <!-- com.qa.indiahr.tests.LoginPageTest -->
    </test> <!-- Default test -->
  </suite> <!-- Default suite -->
</testng-results>
